Build started 11/28/2012 12:08:10 AM.
     1>Project "D:\CIS_C_Plus_Plsu\P10\P11\P11.vcxproj" on node 2 (build target(s)).
     1>InitializeBuildStatus:
         Creating "Debug\P11.unsuccessfulbuild" because "AlwaysCreate" was specified.
       ClCompile:
         g:\Microsoft Visual Studio 10.0\VC\bin\CL.exe /c /ZI /nologo /W3 /WX- /Od /Oy- /D WIN32 /D _DEBUG /D _CONSOLE /D _UNICODE /D UNICODE /Gm /EHsc /RTC1 /MDd /GS /fp:precise /Zc:wchar_t /Zc:forScope /Fo"Debug\\" /Fd"Debug\vc100.pdb" /Gd /TP /analyze- /errorReport:prompt P11.cpp
         P11.cpp
       ManifestResourceCompile:
         C:\Program Files (x86)\Microsoft SDKs\Windows\v7.0A\bin\rc.exe /nologo /fo"Debug\P11.exe.embed.manifest.res" Debug\P11_manifest.rc 
       Link:
         g:\Microsoft Visual Studio 10.0\VC\bin\link.exe /ERRORREPORT:PROMPT /OUT:"D:\CIS_C_Plus_Plsu\P10\P11\Debug\P11.exe" /INCREMENTAL /NOLOGO kernel32.lib user32.lib gdi32.lib winspool.lib comdlg32.lib advapi32.lib shell32.lib ole32.lib oleaut32.lib uuid.lib odbc32.lib odbccp32.lib /MANIFEST /ManifestFile:"Debug\P11.exe.intermediate.manifest" /MANIFESTUAC:"level='asInvoker' uiAccess='false'" /DEBUG /PDB:"D:\CIS_C_Plus_Plsu\P10\P11\Debug\P11.pdb" /SUBSYSTEM:CONSOLE /TLBID:1 /DYNAMICBASE /NXCOMPAT /IMPLIB:"D:\CIS_C_Plus_Plsu\P10\P11\Debug\P11.lib" /MACHINE:X86 Debug\P11.exe.embed.manifest.res
         Debug\P11.obj
       Manifest:
         C:\Program Files (x86)\Microsoft SDKs\Windows\v7.0A\bin\mt.exe /nologo /verbose /out:"Debug\P11.exe.embed.manifest" /manifest Debug\P11.exe.intermediate.manifest
         C:\Program Files (x86)\Microsoft SDKs\Windows\v7.0A\bin\rc.exe /nologo /fo"Debug\P11.exe.embed.manifest.res" Debug\P11_manifest.rc 
       LinkEmbedManifest:
         g:\Microsoft Visual Studio 10.0\VC\bin\link.exe /ERRORREPORT:PROMPT /OUT:"D:\CIS_C_Plus_Plsu\P10\P11\Debug\P11.exe" /INCREMENTAL /NOLOGO kernel32.lib user32.lib gdi32.lib winspool.lib comdlg32.lib advapi32.lib shell32.lib ole32.lib oleaut32.lib uuid.lib odbc32.lib odbccp32.lib /MANIFEST /ManifestFile:"Debug\P11.exe.intermediate.manifest" /MANIFESTUAC:"level='asInvoker' uiAccess='false'" /DEBUG /PDB:"D:\CIS_C_Plus_Plsu\P10\P11\Debug\P11.pdb" /SUBSYSTEM:CONSOLE /TLBID:1 /DYNAMICBASE /NXCOMPAT /IMPLIB:"D:\CIS_C_Plus_Plsu\P10\P11\Debug\P11.lib" /MACHINE:X86 Debug\P11.exe.embed.manifest.res
         Debug\P11.obj
         P11.vcxproj -> D:\CIS_C_Plus_Plsu\P10\P11\Debug\P11.exe
       FinalizeBuildStatus:
         Deleting file "Debug\P11.unsuccessfulbuild".
         Touching "Debug\P11.lastbuildstate".
     1>Done Building Project "D:\CIS_C_Plus_Plsu\P10\P11\P11.vcxproj" (build target(s)).

Build succeeded.

Time Elapsed 00:00:10.39
