Build started 11/13/2012 1:29:58 AM.
     1>Project "D:\CIS_C_Plus_Plsu\P09\P09\P09.vcxproj" on node 2 (build target(s)).
     1>InitializeBuildStatus:
         Creating "Debug\P09.unsuccessfulbuild" because "AlwaysCreate" was specified.
       ClCompile:
         g:\Microsoft Visual Studio 10.0\VC\bin\CL.exe /c /ZI /nologo /W3 /WX- /Od /Oy- /D WIN32 /D _DEBUG /D _CONSOLE /D _UNICODE /D UNICODE /Gm /EHsc /RTC1 /MDd /GS /fp:precise /Zc:wchar_t /Zc:forScope /Fo"Debug\\" /Fd"Debug\vc100.pdb" /Gd /TP /analyze- /errorReport:prompt P09.cpp
         P09.cpp
       ManifestResourceCompile:
         All outputs are up-to-date.
       Link:
         g:\Microsoft Visual Studio 10.0\VC\bin\link.exe /ERRORREPORT:PROMPT /OUT:"D:\CIS_C_Plus_Plsu\P09\P09\Debug\P09.exe" /INCREMENTAL /NOLOGO kernel32.lib user32.lib gdi32.lib winspool.lib comdlg32.lib advapi32.lib shell32.lib ole32.lib oleaut32.lib uuid.lib odbc32.lib odbccp32.lib /MANIFEST /ManifestFile:"Debug\P09.exe.intermediate.manifest" /MANIFESTUAC:"level='asInvoker' uiAccess='false'" /DEBUG /PDB:"D:\CIS_C_Plus_Plsu\P09\P09\Debug\P09.pdb" /SUBSYSTEM:CONSOLE /TLBID:1 /DYNAMICBASE /NXCOMPAT /IMPLIB:"D:\CIS_C_Plus_Plsu\P09\P09\Debug\P09.lib" /MACHINE:X86 Debug\P09.exe.embed.manifest.res
         Debug\P09.obj
       Manifest:
         C:\Program Files (x86)\Microsoft SDKs\Windows\v7.0A\bin\mt.exe /nologo /verbose /out:"Debug\P09.exe.embed.manifest" /manifest Debug\P09.exe.intermediate.manifest
         All outputs are up-to-date.
       LinkEmbedManifest:
         All outputs are up-to-date.
         P09.vcxproj -> D:\CIS_C_Plus_Plsu\P09\P09\Debug\P09.exe
       FinalizeBuildStatus:
         Deleting file "Debug\P09.unsuccessfulbuild".
         Touching "Debug\P09.lastbuildstate".
     1>Done Building Project "D:\CIS_C_Plus_Plsu\P09\P09\P09.vcxproj" (build target(s)).

Build succeeded.

Time Elapsed 00:00:05.89
