Build started 11/23/2012 2:18:21 AM.
     1>Project "D:\CIS_C_Plus_Plsu\P10\P10\P10.vcxproj" on node 2 (build target(s)).
     1>InitializeBuildStatus:
         Touching "Debug\P10.unsuccessfulbuild".
       ClCompile:
         All outputs are up-to-date.
       ManifestResourceCompile:
         All outputs are up-to-date.
       Link:
         g:\Microsoft Visual Studio 10.0\VC\bin\link.exe /ERRORREPORT:PROMPT /OUT:"D:\CIS_C_Plus_Plsu\P10\P10\Debug\P10.exe" /INCREMENTAL /NOLOGO kernel32.lib user32.lib gdi32.lib winspool.lib comdlg32.lib advapi32.lib shell32.lib ole32.lib oleaut32.lib uuid.lib odbc32.lib odbccp32.lib /MANIFEST /ManifestFile:"Debug\P10.exe.intermediate.manifest" /MANIFESTUAC:"level='asInvoker' uiAccess='false'" /DEBUG /PDB:"D:\CIS_C_Plus_Plsu\P10\P10\Debug\P10.pdb" /SUBSYSTEM:CONSOLE /TLBID:1 /DYNAMICBASE /NXCOMPAT /IMPLIB:"D:\CIS_C_Plus_Plsu\P10\P10\Debug\P10.lib" /MACHINE:X86 Debug\P10.exe.embed.manifest.res
         Debug\P10.obj
       Manifest:
         C:\Program Files (x86)\Microsoft SDKs\Windows\v7.0A\bin\mt.exe /nologo /verbose /out:"Debug\P10.exe.embed.manifest" /manifest Debug\P10.exe.intermediate.manifest
         All outputs are up-to-date.
       LinkEmbedManifest:
         All outputs are up-to-date.
         P10.vcxproj -> D:\CIS_C_Plus_Plsu\P10\P10\Debug\P10.exe
       FinalizeBuildStatus:
         Deleting file "Debug\P10.unsuccessfulbuild".
         Touching "Debug\P10.lastbuildstate".
     1>Done Building Project "D:\CIS_C_Plus_Plsu\P10\P10\P10.vcxproj" (build target(s)).

Build succeeded.

Time Elapsed 00:00:02.58
